<?xml version="1.0" encoding="UTF-8"?>
<!-- Generated by org.testng.reporters.JUnitReportReporter -->
<testsuite hostname="DESKTOP-2OE9NH8" failures="0" tests="1" name="com.selenium.test1.Demotest" time="0.009" errors="0" timestamp="2024-06-23T16:37:41 IST" skipped="0">
  <testcase classname="com.selenium.test1.Demotest" name="testLoginLogout" time="0.009"/>
  <system-out/>
</testsuite> <!-- com.selenium.test1.Demotest -->
