<?xml version="1.0" encoding="UTF-8"?>
<!-- Generated by org.testng.reporters.JUnitReportReporter -->
<testsuite hostname="DESKTOP-2OE9NH8" failures="0" tests="1" name="com.selenium.test.DemoBookmyshow" time="19.893" errors="0" timestamp="2024-06-24T11:21:09 IST" skipped="0">
  <testcase classname="com.selenium.test.DemoBookmyshow" name="testmyshow" time="19.893"/>
  <system-out/>
</testsuite> <!-- com.selenium.test.DemoBookmyshow -->
