<?xml version="1.0" encoding="UTF-8"?>
<!-- Generated by org.testng.reporters.JUnitReportReporter -->
<testsuite hostname="DESKTOP-2OE9NH8" failures="0" tests="1" name="com.seleniumprograms.DemoOrangeHrm" time="14.334" errors="0" timestamp="2024-06-21T19:38:08 IST" skipped="0">
  <testcase classname="com.seleniumprograms.DemoOrangeHrm" name="test" time="14.334"/>
  <system-out/>
</testsuite> <!-- com.seleniumprograms.DemoOrangeHrm -->
