<?xml version="1.0" encoding="UTF-8"?>
<!-- Generated by org.testng.reporters.JUnitReportReporter -->
<testsuite hostname="DESKTOP-2OE9NH8" failures="0" tests="1" name="com.selenium.test.DemoTcs" time="8.492" errors="0" timestamp="2024-11-07T17:05:28 IST" skipped="0">
  <testcase classname="com.selenium.test.DemoTcs" name="testTcs" time="8.492"/>
  <system-out/>
</testsuite> <!-- com.selenium.test.DemoTcs -->
