<?xml version="1.0" encoding="UTF-8"?>
<!-- Generated by org.testng.reporters.JUnitReportReporter -->
<testsuite hostname="DESKTOP-2OE9NH8" failures="0" tests="2" name="com.selenium.locators.DemoBookmyshow" time="8.291" errors="0" timestamp="2024-10-29T16:49:05 IST" skipped="1">
  <testcase classname="com.selenium.locators.DemoBookmyshow" name="testmovies" time="8.291"/>
  <system-out/>
  <testcase classname="com.selenium.locators.DemoBookmyshow" name="testbookmyshow">
    <skipped/>
  </testcase> <!-- testbookmyshow -->
  <system-out/>
</testsuite> <!-- com.selenium.locators.DemoBookmyshow -->
