<?xml version="1.0" encoding="UTF-8"?>
<!-- Generated by org.testng.reporters.JUnitReportReporter -->
<testsuite hostname="DESKTOP-2OE9NH8" failures="0" tests="1" name="com.selenium.test.DemoAmazon" time="17.293" errors="0" timestamp="2024-10-31T17:53:35 IST" skipped="0">
  <testcase classname="com.selenium.test.DemoAmazon" name="testamazon" time="17.293"/>
  <system-out/>
</testsuite> <!-- com.selenium.test.DemoAmazon -->
