<?xml version="1.0" encoding="UTF-8"?>
<!-- Generated by org.testng.reporters.JUnitReportReporter -->
<testsuite hostname="DESKTOP-2OE9NH8" failures="0" tests="1" name="com.selenium.locators.DemoFacebook" time="14.948" errors="0" timestamp="2024-10-02T20:05:14 IST" skipped="0">
  <testcase classname="com.selenium.locators.DemoFacebook" name="testfb" time="14.948"/>
  <system-out/>
</testsuite> <!-- com.selenium.locators.DemoFacebook -->
