<?xml version="1.0" encoding="UTF-8"?>
<!-- Generated by org.testng.reporters.JUnitReportReporter -->
<testsuite hostname="DESKTOP-2OE9NH8" failures="0" tests="1" name="com.selenium.test1.Demotest2" time="0.011" errors="0" timestamp="2024-06-23T16:43:48 IST" skipped="0">
  <testcase classname="com.selenium.test1.Demotest2" name="testApp" time="0.011"/>
  <system-out/>
</testsuite> <!-- com.selenium.test1.Demotest2 -->
