<?xml version="1.0" encoding="UTF-8"?>
<!-- Generated by org.testng.reporters.JUnitReportReporter -->
<testsuite hostname="DESKTOP-2OE9NH8" failures="0" tests="4" name="com.selenium.test.DemoGroups" time="0.012" errors="0" timestamp="2024-07-23T21:54:37 IST" skipped="0">
  <testcase classname="com.selenium.test.DemoGroups" name="testRejectflow" time="0.001"/>
  <system-out/>
  <testcase classname="com.selenium.test.DemoGroups" name="testDflow" time="0.001"/>
  <system-out/>
  <testcase classname="com.selenium.test.DemoGroups" name="testEditflow" time="0.001"/>
  <system-out/>
  <testcase classname="com.selenium.test.DemoGroups" name="testCflow" time="0.009"/>
  <system-out/>
</testsuite> <!-- com.selenium.test.DemoGroups -->
