<?xml version="1.0" encoding="UTF-8"?>
<!-- Generated by org.testng.reporters.JUnitReportReporter -->
<testsuite hostname="DESKTOP-2OE9NH8" failures="0" tests="1" name="com.selenium.test.DemoOhrm" time="36.410" errors="0" timestamp="2024-06-25T10:34:17 IST" skipped="0">
  <testcase classname="com.selenium.test.DemoOhrm" name="testOrangeHrm" time="36.410"/>
  <system-out/>
</testsuite> <!-- com.selenium.test.DemoOhrm -->
