<?xml version="1.0" encoding="UTF-8"?>
<!-- Generated by org.testng.reporters.JUnitReportReporter -->
<testsuite hostname="DESKTOP-2OE9NH8" failures="0" tests="1" name="com.selenium.locators.DemoContinentalHos" time="14.614" errors="0" timestamp="2024-10-25T14:21:42 IST" skipped="0">
  <testcase classname="com.selenium.locators.DemoContinentalHos" name="test" time="14.614"/>
  <system-out/>
</testsuite> <!-- com.selenium.locators.DemoContinentalHos -->
