<?xml version="1.0" encoding="UTF-8"?>
<!-- Generated by org.testng.reporters.JUnitReportReporter -->
<testsuite hostname="DESKTOP-2OE9NH8" failures="0" tests="1" name="com.selenium.test.DemoIrctc" time="10.943" errors="0" timestamp="2024-06-24T10:18:34 IST" skipped="0">
  <testcase classname="com.selenium.test.DemoIrctc" name="testIrctclogin" time="10.943"/>
  <system-out/>
</testsuite> <!-- com.selenium.test.DemoIrctc -->
