<?xml version="1.0" encoding="UTF-8"?>
<!-- Generated by org.testng.reporters.JUnitReportReporter -->
<testsuite hostname="DESKTOP-2OE9NH8" failures="0" tests="2" name="com.selenium.test.DemoNoopCommerce" time="7.448" errors="0" timestamp="2024-11-04T16:15:23 IST" skipped="1">
  <testcase classname="com.selenium.test.DemoNoopCommerce" name="testNooptest" time="7.448"/>
  <system-out/>
  <testcase classname="com.selenium.test.DemoNoopCommerce" name="testNoopCommerce">
    <skipped/>
  </testcase> <!-- testNoopCommerce -->
  <system-out/>
</testsuite> <!-- com.selenium.test.DemoNoopCommerce -->
