<?xml version="1.0" encoding="UTF-8"?>
<!-- Generated by org.testng.reporters.JUnitReportReporter -->
<testsuite hostname="DESKTOP-2OE9NH8" failures="0" tests="1" name="com.selenium.test.DemoPagesource" time="8.192" errors="0" timestamp="2024-06-29T18:20:00 IST" skipped="0">
  <testcase classname="com.selenium.test.DemoPagesource" name="testpagesource" time="8.192"/>
  <system-out/>
</testsuite> <!-- com.selenium.test.DemoPagesource -->
