<?xml version="1.0" encoding="UTF-8"?>
<!-- Generated by org.testng.reporters.JUnitReportReporter -->
<testsuite hostname="DESKTOP-2OE9NH8" failures="0" tests="1" name="com.selenium.test.DemoIiit" time="66.645" errors="0" timestamp="2024-11-04T15:40:16 IST" skipped="0">
  <testcase classname="com.selenium.test.DemoIiit" name="testIiit" time="66.645"/>
  <system-out/>
</testsuite> <!-- com.selenium.test.DemoIiit -->
