<?xml version="1.0" encoding="UTF-8"?>
<!-- Generated by org.testng.reporters.JUnitReportReporter -->
<testsuite hostname="DESKTOP-2OE9NH8" failures="0" tests="1" name="com.seleniumprograms.DemoLogin" time="9.085" errors="0" timestamp="2024-06-21T19:06:59 IST" skipped="0">
  <testcase classname="com.seleniumprograms.DemoLogin" name="testLogin" time="9.085"/>
  <system-out/>
</testsuite> <!-- com.seleniumprograms.DemoLogin -->
