<?xml version="1.0" encoding="UTF-8"?>
<!-- Generated by org.testng.reporters.JUnitReportReporter -->
<testsuite hostname="DESKTOP-2OE9NH8" failures="0" tests="1" name="com.selenium.locators.DemoPageSource" time="11.004" errors="0" timestamp="2024-09-21T15:20:10 IST" skipped="0">
  <testcase classname="com.selenium.locators.DemoPageSource" name="testPageSource" time="11.004"/>
  <system-out/>
</testsuite> <!-- com.selenium.locators.DemoPageSource -->
