<?xml version="1.0" encoding="UTF-8"?>
<!-- Generated by org.testng.reporters.JUnitReportReporter -->
<testsuite hostname="DESKTOP-2OE9NH8" failures="0" tests="1" name="com.selenium.locators.DemoIrctc" time="66.104" errors="0" timestamp="2024-10-25T15:46:18 IST" skipped="0">
  <testcase classname="com.selenium.locators.DemoIrctc" name="test" time="66.104"/>
  <system-out/>
</testsuite> <!-- com.selenium.locators.DemoIrctc -->
