<?xml version="1.0" encoding="UTF-8"?>
<!-- Generated by org.testng.reporters.JUnitReportReporter -->
<testsuite hostname="DESKTOP-2OE9NH8" failures="0" tests="2" name="com.selenium.locators.DemoApollo" time="10.088" errors="0" timestamp="2024-10-29T11:53:01 IST" skipped="1">
  <testcase classname="com.selenium.locators.DemoApollo" name="testCheckbox" time="10.088"/>
  <system-out/>
  <testcase classname="com.selenium.locators.DemoApollo" name="testApollo">
    <skipped/>
  </testcase> <!-- testApollo -->
  <system-out/>
</testsuite> <!-- com.selenium.locators.DemoApollo -->
