<?xml version="1.0" encoding="UTF-8"?>
<!-- Generated by org.testng.reporters.JUnitReportReporter -->
<testsuite hostname="DESKTOP-2OE9NH8" failures="0" tests="1" name="com.selenium.locators.DemoGmail" time="12.773" errors="0" timestamp="2024-09-20T11:17:09 IST" skipped="0">
  <testcase classname="com.selenium.locators.DemoGmail" name="testgmaillogin" time="12.773"/>
  <system-out/>
</testsuite> <!-- com.selenium.locators.DemoGmail -->
