<?xml version="1.0" encoding="UTF-8"?>
<!-- Generated by org.testng.reporters.JUnitReportReporter -->
<testsuite hostname="DESKTOP-2OE9NH8" failures="0" tests="1" name="com.selenium.test.DemonoopRegistration" time="8.640" errors="0" timestamp="2024-10-29T16:55:53 IST" skipped="0">
  <testcase classname="com.selenium.test.DemonoopRegistration" name="testNoopReg" time="8.640"/>
  <system-out/>
</testsuite> <!-- com.selenium.test.DemonoopRegistration -->
