<?xml version="1.0" encoding="UTF-8"?>
<!-- Generated by org.testng.reporters.JUnitReportReporter -->
<testsuite hostname="DESKTOP-2OE9NH8" failures="0" tests="1" name="ss1.Demo1" time="9.414" errors="0" timestamp="2024-06-15T11:23:27 IST" skipped="0">
  <testcase classname="ss1.Demo1" name="test" time="9.414"/>
  <system-out/>
</testsuite> <!-- ss1.Demo1 -->
