<?xml version="1.0" encoding="UTF-8"?>
<!-- Generated by org.testng.reporters.JUnitReportReporter -->
<testsuite hostname="DESKTOP-2OE9NH8" failures="0" tests="1" name="com.selenium.test.DemoContinental" time="11.325" errors="0" timestamp="2024-10-31T19:07:58 IST" skipped="0">
  <testcase classname="com.selenium.test.DemoContinental" name="testcontinental" time="11.325"/>
  <system-out/>
</testsuite> <!-- com.selenium.test.DemoContinental -->
