<?xml version="1.0" encoding="UTF-8"?>
<!-- Generated by org.testng.reporters.JUnitReportReporter -->
<testsuite hostname="DESKTOP-2OE9NH8" failures="0" tests="1" name="com.selenium.locators.FaceBookLogin" time="17.680" errors="0" timestamp="2024-09-20T10:51:52 IST" skipped="0">
  <testcase classname="com.selenium.locators.FaceBookLogin" name="testFbLoginpage" time="17.680"/>
  <system-out/>
</testsuite> <!-- com.selenium.locators.FaceBookLogin -->
