<?xml version="1.0" encoding="UTF-8"?>
<!-- Generated by org.testng.reporters.JUnitReportReporter -->
<testsuite hostname="DESKTOP-2OE9NH8" failures="0" tests="1" name="com.selenium.locators.DemoTcs" time="12.124" errors="0" timestamp="2024-10-31T15:21:52 IST" skipped="0">
  <testcase classname="com.selenium.locators.DemoTcs" name="testTcs" time="12.124"/>
  <system-out/>
</testsuite> <!-- com.selenium.locators.DemoTcs -->
